\BOOKMARK [0][-]{chapter.1}{\376\377\000I\000n\000t\000r\000o\000d\000u\000c\000i\000\363\000n}{}% 1
\BOOKMARK [1][-]{section.1.1}{\376\377\000M\000o\000t\000i\000v\000a\000c\000i\000\363\000n}{chapter.1}% 2
\BOOKMARK [1][-]{section.1.2}{\376\377\000O\000b\000j\000e\000t\000i\000v\000o\000s}{chapter.1}% 3
\BOOKMARK [1][-]{section.1.3}{\376\377\000E\000s\000t\000r\000u\000c\000t\000u\000r\000a\000\040\000d\000e\000\040\000l\000a\000\040\000m\000e\000m\000o\000r\000i\000a}{chapter.1}% 4
\BOOKMARK [0][-]{chapter.2}{\376\377\000F\000u\000n\000d\000a\000m\000e\000n\000t\000o\000s}{}% 5
\BOOKMARK [1][-]{section.2.1}{\376\377\000E\000s\000t\000a\000d\000o\000\040\000d\000e\000l\000\040\000a\000r\000t\000e}{chapter.2}% 6
\BOOKMARK [1][-]{section.2.2}{\376\377\000C\000o\000n\000j\000u\000n\000t\000o\000s\000\040\000d\000e\000\040\000d\000a\000t\000o\000s}{chapter.2}% 7
\BOOKMARK [2][-]{subsection.2.2.1}{\376\377\000P\000A\000N\000\040\000a\000u\000t\000h\000o\000r\000\040\000p\000r\000o\000f\000i\000l\000i\000n\000g\000\040\0002\0000\0001\0005}{section.2.2}% 8
\BOOKMARK [2][-]{subsection.2.2.2}{\376\377\000P\000A\000N\000\040\000a\000u\000t\000h\000o\000r\000\040\000p\000r\000o\000f\000i\000l\000i\000n\000g\000\040\0002\0000\0001\0006}{section.2.2}% 9
\BOOKMARK [2][-]{subsection.2.2.3}{\376\377\000D\000i\000s\000t\000r\000i\000b\000u\000c\000i\000\363\000n\000\040\000d\000e\000\040\000u\000s\000u\000a\000r\000i\000o\000s\000\040\000d\000e\000\040\000l\000o\000s\000\040\000d\000a\000t\000a\000s\000e\000t}{section.2.2}% 10
\BOOKMARK [1][-]{section.2.3}{\376\377\000B\000\372\000s\000q\000u\000e\000d\000a\000\040\000y\000\040\000c\000o\000m\000p\000a\000r\000a\000c\000i\000\363\000n\000\040\000d\000e\000\040\000a\000l\000g\000o\000r\000i\000t\000m\000o\000s}{chapter.2}% 11
\BOOKMARK [2][-]{subsection.2.3.1}{\376\377\000P\000r\000i\000m\000e\000r\000a\000\040\000a\000p\000r\000o\000x\000i\000m\000a\000c\000i\000\363\000n}{section.2.3}% 12
\BOOKMARK [2][-]{subsection.2.3.2}{\376\377\000S\000e\000g\000u\000n\000d\000a\000\040\000a\000p\000r\000o\000x\000i\000m\000a\000c\000i\000\363\000n}{section.2.3}% 13
\BOOKMARK [2][-]{subsection.2.3.3}{\376\377\000T\000e\000r\000c\000e\000r\000a\000\040\000a\000p\000r\000o\000x\000i\000m\000a\000c\000i\000\363\000n}{section.2.3}% 14
\BOOKMARK [0][-]{chapter.3}{\376\377\000T\000e\000c\000n\000o\000l\000o\000g\000\355\000a\000s\000\040\000u\000t\000i\000l\000i\000z\000a\000d\000a\000s}{}% 15
\BOOKMARK [1][-]{section.3.1}{\376\377\000A\000l\000g\000o\000r\000i\000t\000m\000o\000s\000\040\000d\000e\000\040\000p\000e\000r\000f\000i\000l\000a\000d\000o}{chapter.3}% 16
\BOOKMARK [2][-]{subsection.3.1.1}{\376\377\000P\000y\000t\000h\000o\000n}{section.3.1}% 17
\BOOKMARK [2][-]{subsection.3.1.2}{\376\377\000S\000c\000i\000k\000i\000t\000-\000l\000e\000a\000r\000n}{section.3.1}% 18
\BOOKMARK [2][-]{subsection.3.1.3}{\376\377\000T\000e\000n\000s\000o\000r\000f\000l\000o\000w\000,\000\040\000K\000e\000r\000a\000s\000\040\000y\000\040\000T\000r\000a\000n\000s\000f\000o\000r\000m\000e\000r\000s}{section.3.1}% 19
\BOOKMARK [2][-]{subsection.3.1.4}{\376\377\000J\000u\000p\000y\000t\000e\000r\000\040\000N\000o\000t\000e\000b\000o\000o\000k\000s\000\040\000y\000\040\000G\000o\000o\000g\000l\000e\000\040\000C\000o\000l\000a\000b}{section.3.1}% 20
\BOOKMARK [2][-]{subsection.3.1.5}{\376\377\000K\000a\000g\000g\000l\000e\000\040\000y\000\040\000P\000l\000a\000y\000w\000r\000i\000g\000h\000t}{section.3.1}% 21
\BOOKMARK [1][-]{section.3.2}{\376\377\000A\000p\000l\000i\000c\000a\000c\000i\000\363\000n\000\040\000w\000e\000b\000\040\000y\000\040\000s\000e\000r\000v\000i\000c\000i\000o\000s}{chapter.3}% 22
\BOOKMARK [2][-]{subsection.3.2.1}{\376\377\000B\000a\000c\000k\000-\000e\000n\000d}{section.3.2}% 23
\BOOKMARK [2][-]{subsection.3.2.2}{\376\377\000F\000r\000o\000n\000t\000-\000e\000n\000d}{section.3.2}% 24
\BOOKMARK [2][-]{subsection.3.2.3}{\376\377\000P\000e\000r\000s\000i\000s\000t\000e\000n\000c\000i\000a}{section.3.2}% 25
\BOOKMARK [1][-]{section.3.3}{\376\377\000H\000e\000r\000r\000a\000m\000i\000e\000n\000t\000a\000s\000\040\000d\000e\000\040\000d\000e\000s\000a\000r\000r\000o\000l\000l\000o}{chapter.3}% 26
\BOOKMARK [2][-]{subsection.3.3.1}{\376\377\000D\000o\000c\000k\000e\000r}{section.3.3}% 27
\BOOKMARK [2][-]{subsection.3.3.2}{\376\377\000C\000o\000n\000t\000r\000o\000l\000\040\000d\000e\000\040\000v\000e\000r\000s\000i\000o\000n\000e\000s}{section.3.3}% 28
\BOOKMARK [2][-]{subsection.3.3.3}{\376\377\000T\000a\000i\000g\000a}{section.3.3}% 29
\BOOKMARK [2][-]{subsection.3.3.4}{\376\377\000E\000d\000i\000t\000o\000r\000\040\000d\000e\000\040\000c\000\363\000d\000i\000g\000o}{section.3.3}% 30
\BOOKMARK [2][-]{subsection.3.3.5}{\376\377\000P\000r\000o\000t\000o\000t\000i\000p\000a\000d\000o}{section.3.3}% 31
\BOOKMARK [0][-]{chapter.4}{\376\377\000M\000e\000t\000o\000d\000o\000l\000o\000g\000\355\000a\000\040\000y\000\040\000g\000e\000s\000t\000i\000\363\000n\000\040\000d\000e\000l\000\040\000p\000r\000o\000y\000e\000c\000t\000o}{}% 32
\BOOKMARK [1][-]{section.4.1}{\376\377\000M\000e\000t\000o\000d\000o\000l\000o\000g\000\355\000a}{chapter.4}% 33
\BOOKMARK [2][-]{subsection.4.1.1}{\376\377\000S\000c\000r\000u\000m}{section.4.1}% 34
\BOOKMARK [2][-]{subsection.4.1.2}{\376\377\000A\000d\000a\000p\000t\000a\000c\000i\000o\000n\000e\000s\000\040\000d\000e\000\040\000S\000c\000r\000u\000m\000\040\000a\000l\000\040\000p\000r\000o\000y\000e\000c\000t\000o}{section.4.1}% 35
\BOOKMARK [1][-]{section.4.2}{\376\377\000G\000e\000s\000t\000i\000\363\000n\000\040\000d\000e\000l\000\040\000p\000r\000o\000y\000e\000c\000t\000o}{chapter.4}% 36
\BOOKMARK [2][-]{subsection.4.2.1}{\376\377\000R\000e\000c\000u\000r\000s\000o\000s}{section.4.2}% 37
\BOOKMARK [2][-]{subsection.4.2.2}{\376\377\000P\000l\000a\000n\000i\000f\000i\000c\000a\000c\000i\000\363\000n}{section.4.2}% 38
\BOOKMARK [2][-]{subsection.4.2.3}{\376\377\000G\000e\000s\000t\000i\000\363\000n\000\040\000d\000e\000\040\000r\000i\000e\000s\000g\000o\000s}{section.4.2}% 39
\BOOKMARK [0][-]{chapter.5}{\376\377\000A\000n\000\341\000l\000i\000s\000i\000s\000\040\000d\000e\000\040\000r\000e\000q\000u\000i\000s\000i\000t\000o\000s}{}% 40
\BOOKMARK [1][-]{section.5.1}{\376\377\000R\000e\000q\000u\000i\000s\000i\000t\000o\000s\000\040\000f\000u\000n\000c\000i\000o\000n\000a\000l\000e\000s}{chapter.5}% 41
\BOOKMARK [1][-]{section.5.2}{\376\377\000R\000e\000q\000u\000i\000s\000i\000t\000o\000s\000\040\000n\000o\000\040\000f\000u\000n\000c\000i\000o\000n\000a\000l\000e\000s}{chapter.5}% 42
\BOOKMARK [1][-]{section.5.3}{\376\377\000M\000o\000d\000e\000l\000o\000\040\000d\000e\000\040\000d\000a\000t\000o\000s}{chapter.5}% 43
\BOOKMARK [0][-]{chapter.6}{\376\377\000D\000i\000s\000e\000\361\000o}{}% 44
\BOOKMARK [1][-]{section.6.1}{\376\377\000P\000r\000o\000t\000o\000t\000i\000p\000a\000d\000o}{chapter.6}% 45
\BOOKMARK [1][-]{section.6.2}{\376\377\000A\000r\000q\000u\000i\000t\000e\000c\000t\000u\000r\000a}{chapter.6}% 46
\BOOKMARK [2][-]{subsection.6.2.1}{\376\377\000<\000<\000B\000a\000c\000k\000e\000n\000d\000>\000>}{section.6.2}% 47
\BOOKMARK [2][-]{subsection.6.2.2}{\376\377\000M\000i\000c\000r\000o\000-\000s\000e\000r\000v\000i\000c\000i\000o\000\040\000d\000e\000\040\000p\000e\000r\000f\000i\000l\000a\000d\000o}{section.6.2}% 48
\BOOKMARK [0][-]{chapter.7}{\376\377\000D\000e\000s\000a\000r\000r\000o\000l\000l\000o}{}% 49
\BOOKMARK [1][-]{section.7.1}{\376\377\000S\000p\000r\000i\000n\000t\000s}{chapter.7}% 50
\BOOKMARK [2][-]{subsection.7.1.1}{\376\377\000S\000p\000r\000i\000n\000t\000\040\0000\000:\000\040\0008\000-\0002\000-\0002\0000\0002\0003\000\040\000a\000\040\0001\0004\000-\0003\000-\0002\0000\0002\0003}{section.7.1}% 51
\BOOKMARK [2][-]{subsection.7.1.2}{\376\377\000S\000p\000r\000i\000n\000t\000\040\0001\000:\000\040\0001\0004\000-\0003\000-\0002\0000\0002\0003\000\040\000a\000\040\0002\0009\000-\0003\000-\0002\0000\0002\0003}{section.7.1}% 52
\BOOKMARK [2][-]{subsection.7.1.3}{\376\377\000S\000p\000r\000i\000n\000t\000\040\0002\000:\000\040\0002\0009\000-\0003\000-\0002\0000\0002\0003\000\040\000a\000\040\0001\0007\000-\0004\000-\0002\0000\0002\0003}{section.7.1}% 53
\BOOKMARK [2][-]{subsection.7.1.4}{\376\377\000S\000p\000r\000i\000n\000t\000\040\0003\000:\000\040\0001\0007\000-\0004\000-\0002\0000\0002\0003\000\040\000a\000\040\0002\0000\000-\0006\000-\0002\0000\0002\0003}{section.7.1}% 54
\BOOKMARK [2][-]{subsection.7.1.5}{\376\377\000S\000p\000r\000i\000n\000t\000\040\0004\000:\000\040\0002\0000\000-\0006\000-\0002\0000\0002\0003\000\040\000a\000\040\0002\0000\000-\0007\000-\0002\0000\0002\0003}{section.7.1}% 55
\BOOKMARK [2][-]{subsection.7.1.6}{\376\377\000S\000p\000r\000i\000n\000t\000\040\0005\000:\000\040\0002\0000\000-\0007\000-\0002\0000\0002\0003\000\040\000a\000\040\0005\000-\0008\000-\0002\0000\0002\0003}{section.7.1}% 56
\BOOKMARK [2][-]{subsection.7.1.7}{\376\377\000S\000p\000r\000i\000n\000t\000\040\0006\000:\000\040\0006\000-\0008\000-\0002\0000\0002\0003\000\040\000a\000\040\0002\0001\000-\0008\000-\0002\0000\0002\0003}{section.7.1}% 57
\BOOKMARK [2][-]{subsection.7.1.8}{\376\377\000S\000p\000r\000i\000n\000t\000\040\0007\000:\000\040\0002\0001\000-\0008\000-\0002\0000\0002\0003\000\040\000a\000\040\0001\0001\000-\0008\000-\0002\0000\0002\0003}{section.7.1}% 58
\BOOKMARK [0][-]{chapter.8}{\376\377\000A\000n\000\341\000l\000i\000s\000i\000s\000\040\000c\000o\000l\000e\000c\000c\000i\000\363\000n\000\040\000\043\000B\000L\000M}{}% 59
\BOOKMARK [1][-]{subsection.8.0.1}{\376\377\000P\000r\000o\000c\000e\000s\000a\000d\000o\000\040\000c\000o\000r\000p\000u\000s}{chapter.8}% 60
\BOOKMARK [1][-]{section.8.1}{\376\377\000A\000p\000l\000i\000c\000a\000c\000i\000\363\000n}{chapter.8}% 61
\BOOKMARK [2][-]{subsection.8.1.1}{\376\377\000P\000e\000r\000f\000i\000l\000a\000d\000o\000\040\000d\000e\000l\000\040\000c\000o\000r\000p\000u\000s}{section.8.1}% 62
\BOOKMARK [2][-]{subsection.8.1.2}{\376\377\000V\000i\000s\000u\000a\000l\000i\000z\000a\000c\000i\000\363\000n\000\040\000d\000e\000\040\000r\000e\000s\000u\000l\000t\000a\000d\000o\000s}{section.8.1}% 63
\BOOKMARK [2][-]{subsection.8.1.3}{\376\377\000P\000u\000b\000l\000i\000c\000a\000c\000i\000o\000n\000e\000s\000\040\000d\000e\000\040\000u\000n\000\040\000u\000s\000u\000a\000r\000i\000o}{section.8.1}% 64
\BOOKMARK [2][-]{subsection.8.1.4}{\376\377\000L\000i\000s\000t\000a\000d\000o\000\040\000d\000e\000\040\000c\000o\000l\000e\000c\000c\000i\000o\000n\000e\000s}{section.8.1}% 65
\BOOKMARK [1][-]{section.8.2}{\376\377\000A\000n\000\341\000l\000i\000s\000i\000s\000\040\000d\000e\000\040\000r\000e\000s\000u\000l\000t\000a\000d\000o\000s}{chapter.8}% 66
\BOOKMARK [2][-]{subsection.8.2.1}{\376\377\000A\000l\000g\000o\000r\000i\000t\000m\000o\000\040\000d\000e\000\040\000M\000o\000d\000a\000r\000e\000s\000i}{section.8.2}% 67
\BOOKMARK [2][-]{subsection.8.2.2}{\376\377\000A\000l\000g\000o\000r\000i\000t\000m\000o\000\040\000d\000e\000\040\000G\000r\000i\000v\000a\000s}{section.8.2}% 68
\BOOKMARK [0][-]{chapter.9}{\376\377\000C\000o\000n\000c\000l\000u\000s\000i\000\363\000n\000s}{}% 69
